TN:
SF:src/modules/ChatInput.js
FN:12,(anonymous_0)
FN:23,(anonymous_1)
FN:28,(anonymous_2)
FN:54,(anonymous_3)
FNF:4
FNH:2
FNDA:23,(anonymous_0)
FNDA:348,(anonymous_1)
FNDA:0,(anonymous_2)
FNDA:0,(anonymous_3)
DA:13,23
DA:15,23
DA:16,23
DA:17,23
DA:18,23
DA:24,348
DA:28,0
DA:54,0
LF:8
LH:6
BRDA:26,0,0,348
BRDA:26,0,1,0
BRF:2
BRH:1
end_of_record
TN:
SF:src/modules/ChatMessage.js
FN:9,(anonymous_0)
FN:24,(anonymous_1)
FNF:2
FNH:2
FNDA:256,(anonymous_0)
FNDA:256,(anonymous_1)
DA:10,256
DA:11,256
DA:13,256
DA:21,256
DA:25,256
DA:27,256
DA:28,256
LF:7
LH:7
BRDA:27,0,0,92
BRDA:27,0,1,164
BRF:2
BRH:2
end_of_record
TN:
SF:src/modules/ChatRoom.js
FN:18,(anonymous_0)
FN:45,(anonymous_1)
FN:69,(anonymous_2)
FN:78,(anonymous_3)
FN:80,(anonymous_4)
FN:82,(anonymous_5)
FN:93,(anonymous_6)
FN:108,(anonymous_7)
FN:115,(anonymous_8)
FN:132,(anonymous_9)
FN:142,(anonymous_10)
FN:151,(anonymous_11)
FN:164,(anonymous_12)
FN:175,(anonymous_13)
FN:177,(anonymous_14)
FN:189,(anonymous_15)
FN:199,(anonymous_16)
FN:206,(anonymous_17)
FN:219,(anonymous_18)
FN:225,(anonymous_19)
FN:227,(anonymous_20)
FN:242,(anonymous_21)
FN:250,(anonymous_22)
FN:252,(anonymous_23)
FN:266,(anonymous_24)
FN:299,(anonymous_25)
FN:303,(anonymous_26)
FN:311,(anonymous_27)
FN:317,(anonymous_28)
FN:352,(anonymous_29)
FNF:30
FNH:30
FNDA:25,(anonymous_0)
FNDA:25,(anonymous_1)
FNDA:145,(anonymous_2)
FNDA:79,(anonymous_3)
FNDA:79,(anonymous_4)
FNDA:79,(anonymous_5)
FNDA:5,(anonymous_6)
FNDA:28,(anonymous_7)
FNDA:28,(anonymous_8)
FNDA:5,(anonymous_9)
FNDA:3,(anonymous_10)
FNDA:9,(anonymous_11)
FNDA:9,(anonymous_12)
FNDA:9,(anonymous_13)
FNDA:11,(anonymous_14)
FNDA:9,(anonymous_15)
FNDA:6,(anonymous_16)
FNDA:14,(anonymous_17)
FNDA:23,(anonymous_18)
FNDA:23,(anonymous_19)
FNDA:259,(anonymous_20)
FNDA:79,(anonymous_21)
FNDA:79,(anonymous_22)
FNDA:153,(anonymous_23)
FNDA:5,(anonymous_24)
FNDA:1,(anonymous_25)
FNDA:1,(anonymous_26)
FNDA:13,(anonymous_27)
FNDA:382,(anonymous_28)
FNDA:256,(anonymous_29)
DA:19,25
DA:21,25
DA:22,25
DA:23,23
DA:26,25
DA:36,25
DA:37,25
DA:38,25
DA:39,25
DA:40,25
DA:41,25
DA:42,25
DA:46,25
DA:47,2
DA:49,23
DA:50,23
DA:51,23
DA:54,23
DA:55,23
DA:56,23
DA:57,23
DA:58,4
DA:61,23
DA:70,145
DA:71,145
DA:79,79
DA:80,79
DA:81,79
DA:83,79
DA:94,5
DA:95,5
DA:96,5
DA:97,5
DA:98,5
DA:99,5
DA:109,28
DA:116,28
DA:117,8
DA:118,8
DA:120,20
DA:123,28
DA:133,5
DA:134,2
DA:136,3
DA:142,3
DA:143,3
DA:152,9
DA:156,9
DA:157,9
DA:165,9
DA:166,0
DA:168,9
DA:176,9
DA:177,9
DA:178,11
DA:180,9
DA:181,9
DA:190,9
DA:191,0
DA:193,9
DA:201,6
DA:203,2
DA:205,4
DA:206,4
DA:207,14
DA:209,4
DA:210,4
DA:220,23
DA:226,23
DA:227,23
DA:228,259
DA:230,23
DA:232,23
DA:243,79
DA:251,79
DA:252,79
DA:253,153
DA:255,79
DA:257,79
DA:267,5
DA:268,2
DA:271,3
DA:272,3
DA:278,3
DA:279,3
DA:280,3
DA:286,3
DA:293,3
DA:300,1
DA:304,1
DA:312,13
DA:313,9
DA:318,382
DA:353,256
LF:94
LH:92
BRDA:22,0,0,23
BRDA:22,0,1,2
BRDA:22,1,0,25
BRDA:22,1,1,25
BRDA:22,1,2,23
BRDA:46,2,0,2
BRDA:46,2,1,23
BRDA:51,3,0,23
BRDA:51,3,1,0
BRDA:57,4,0,4
BRDA:57,4,1,19
BRDA:98,5,0,5
BRDA:98,5,1,0
BRDA:116,6,0,8
BRDA:116,6,1,20
BRDA:133,7,0,2
BRDA:133,7,1,3
BRDA:165,8,0,0
BRDA:165,8,1,9
BRDA:190,9,0,0
BRDA:190,9,1,9
BRDA:201,10,0,2
BRDA:201,10,1,4
BRDA:267,11,0,2
BRDA:267,11,1,3
BRDA:312,12,0,9
BRDA:312,12,1,4
BRDA:318,13,0,34
BRDA:318,13,1,348
BRDA:351,14,0,348
BRDA:351,14,1,348
BRF:31
BRH:27
end_of_record
TN:
SF:src/modules/CreateUser.js
FN:14,(anonymous_0)
FN:40,(anonymous_1)
FN:50,(anonymous_2)
FN:61,(anonymous_3)
FN:74,(anonymous_4)
FN:77,(anonymous_5)
FN:87,(anonymous_6)
FN:93,(anonymous_7)
FN:103,(anonymous_8)
FN:117,(anonymous_9)
FN:121,(anonymous_10)
FN:133,(anonymous_11)
FN:140,(anonymous_12)
FN:144,(anonymous_13)
FNF:14
FNH:11
FNDA:5,(anonymous_0)
FNDA:5,(anonymous_1)
FNDA:46,(anonymous_2)
FNDA:4,(anonymous_3)
FNDA:3,(anonymous_4)
FNDA:3,(anonymous_5)
FNDA:0,(anonymous_6)
FNDA:0,(anonymous_7)
FNDA:3,(anonymous_8)
FNDA:3,(anonymous_9)
FNDA:0,(anonymous_10)
FNDA:3,(anonymous_11)
FNDA:3,(anonymous_12)
FNDA:53,(anonymous_13)
DA:15,5
DA:17,5
DA:18,5
DA:23,4
DA:26,5
DA:36,5
DA:37,5
DA:41,5
DA:42,1
DA:51,46
DA:62,4
DA:63,4
DA:64,1
DA:67,1
DA:69,3
DA:70,0
DA:71,0
DA:73,3
DA:75,3
DA:76,3
DA:78,3
DA:80,3
DA:81,3
DA:84,0
DA:87,0
DA:89,0
DA:93,0
DA:104,3
DA:112,3
DA:119,3
DA:122,0
DA:123,0
DA:125,3
DA:134,3
DA:140,3
DA:141,3
DA:145,53
LF:37
LH:29
BRDA:18,0,0,4
BRDA:18,0,1,1
BRDA:19,1,0,5
BRDA:19,1,1,5
BRDA:19,1,2,4
BRDA:41,2,0,1
BRDA:41,2,1,4
BRDA:63,3,0,1
BRDA:63,3,1,3
BRDA:69,4,0,0
BRDA:69,4,1,3
BRDA:75,5,0,3
BRDA:75,5,1,0
BRDA:78,6,0,3
BRDA:78,6,1,0
BRF:15
BRH:12
end_of_record
TN:
SF:src/modules/Jokes.js
FN:37,(anonymous_0)
FN:38,(anonymous_1)
FN:48,(anonymous_2)
FNF:3
FNH:3
FNDA:23,(anonymous_0)
FNDA:115,(anonymous_1)
FNDA:23,(anonymous_2)
DA:4,20
DA:12,20
DA:19,20
DA:38,23
DA:39,115
DA:49,23
LF:6
LH:6
BRDA:41,0,0,23
BRDA:41,0,1,92
BRF:2
BRH:2
end_of_record
TN:
SF:src/modules/Loading.js
FN:9,(anonymous_0)
FNF:1
FNH:1
FNDA:56,(anonymous_0)
DA:10,56
LF:1
LH:1
BRF:0
BRH:0
end_of_record
TN:
SF:src/modules/LogOutButton.js
FN:8,(anonymous_0)
FN:14,(anonymous_1)
FNF:2
FNH:2
FNDA:348,(anonymous_0)
FNDA:1,(anonymous_1)
DA:9,348
DA:14,1
LF:2
LH:2
BRF:0
BRH:0
end_of_record
TN:
SF:src/modules/Login.js
FN:14,(anonymous_0)
FN:25,(anonymous_1)
FN:28,(anonymous_2)
FN:45,(anonymous_3)
FN:60,(anonymous_4)
FN:66,(anonymous_5)
FN:74,(anonymous_6)
FN:85,(anonymous_7)
FN:91,(anonymous_8)
FN:98,(anonymous_9)
FN:109,(anonymous_10)
FN:111,(anonymous_11)
FN:121,(anonymous_12)
FN:127,(anonymous_13)
FNF:14
FNH:11
FNDA:22,(anonymous_0)
FNDA:22,(anonymous_1)
FNDA:37,(anonymous_2)
FNDA:19,(anonymous_3)
FNDA:2,(anonymous_4)
FNDA:2,(anonymous_5)
FNDA:0,(anonymous_6)
FNDA:18,(anonymous_7)
FNDA:18,(anonymous_8)
FNDA:0,(anonymous_9)
FNDA:18,(anonymous_10)
FNDA:18,(anonymous_11)
FNDA:0,(anonymous_12)
FNDA:45,(anonymous_13)
DA:15,22
DA:17,22
DA:21,22
DA:22,22
DA:26,22
DA:29,37
DA:30,16
DA:35,16
DA:38,21
DA:42,22
DA:46,19
DA:47,19
DA:48,19
DA:61,2
DA:62,2
DA:63,2
DA:67,2
DA:72,2
DA:75,0
DA:86,18
DA:91,18
DA:92,18
DA:99,0
DA:110,18
DA:113,18
DA:115,15
DA:118,3
DA:123,0
DA:128,45
LF:29
LH:26
BRDA:29,0,0,16
BRDA:29,0,1,21
BRDA:47,1,0,19
BRDA:47,1,1,0
BRDA:100,2,0,0
BRDA:100,2,1,0
BRDA:113,3,0,15
BRDA:113,3,1,3
BRDA:128,4,0,22
BRDA:128,4,1,23
BRF:10
BRH:7
end_of_record
TN:
SF:src/modules/People.js
FN:9,(anonymous_0)
FN:24,(anonymous_1)
FNF:2
FNH:2
FNDA:348,(anonymous_0)
FNDA:3771,(anonymous_1)
DA:10,348
DA:25,3771
LF:2
LH:2
BRDA:23,0,0,348
BRDA:23,0,1,348
BRF:2
BRH:2
end_of_record
TN:
SF:src/modules/Types.js
FNF:0
FNH:0
LF:0
LH:0
BRF:0
BRH:0
end_of_record
TN:
SF:src/modules/User.js
FN:11,(anonymous_0)
FN:21,(anonymous_1)
FN:28,(anonymous_2)
FN:39,(anonymous_3)
FN:56,(anonymous_4)
FN:62,(anonymous_5)
FN:63,(anonymous_6)
FN:80,(anonymous_7)
FN:85,(anonymous_8)
FN:90,(anonymous_9)
FNF:10
FNH:10
FNDA:259,(anonymous_0)
FNDA:1,(anonymous_1)
FNDA:1,(anonymous_2)
FNDA:5,(anonymous_3)
FNDA:1,(anonymous_4)
FNDA:1,(anonymous_5)
FNDA:2,(anonymous_6)
FNDA:5,(anonymous_7)
FNDA:3771,(anonymous_8)
FNDA:5,(anonymous_9)
DA:12,259
DA:13,259
DA:22,1
DA:28,1
DA:29,1
DA:40,5
DA:41,5
DA:42,1
DA:43,1
DA:45,1
DA:48,5
DA:57,1
DA:63,1
DA:64,2
DA:81,5
DA:82,5
DA:86,3771
DA:91,5
LF:18
LH:18
BRDA:41,0,0,1
BRDA:41,0,1,4
BRF:2
BRH:2
end_of_record
