TN:
SF:src/modules/ChatInput.js
FN:12,(anonymous_0)
FN:23,(anonymous_1)
FN:28,(anonymous_2)
FN:58,(anonymous_3)
FNF:4
FNH:2
FNDA:23,(anonymous_0)
FNDA:276,(anonymous_1)
FNDA:0,(anonymous_2)
FNDA:0,(anonymous_3)
DA:13,23
DA:15,23
DA:16,23
DA:17,23
DA:18,23
DA:24,276
DA:28,0
DA:58,0
LF:8
LH:6
BRDA:26,0,0,276
BRDA:26,0,1,0
BRDA:49,1,0,181
BRDA:49,1,1,95
BRF:4
BRH:3
end_of_record
TN:
SF:src/modules/ChatMessage.js
FN:14,(anonymous_0)
FN:29,(anonymous_1)
FNF:2
FNH:2
FNDA:257,(anonymous_0)
FNDA:257,(anonymous_1)
DA:15,257
DA:16,257
DA:18,257
DA:26,257
DA:30,257
DA:32,257
DA:33,257
LF:7
LH:7
BRDA:32,0,0,92
BRDA:32,0,1,165
BRF:2
BRH:2
end_of_record
TN:
SF:src/modules/ChatRoom.js
FN:18,(anonymous_0)
FN:54,(anonymous_1)
FN:78,(anonymous_2)
FN:87,(anonymous_3)
FN:89,(anonymous_4)
FN:91,(anonymous_5)
FN:102,(anonymous_6)
FN:117,(anonymous_7)
FN:124,(anonymous_8)
FN:141,(anonymous_9)
FN:151,(anonymous_10)
FN:160,(anonymous_11)
FN:173,(anonymous_12)
FN:184,(anonymous_13)
FN:186,(anonymous_14)
FN:198,(anonymous_15)
FN:208,(anonymous_16)
FN:215,(anonymous_17)
FN:228,(anonymous_18)
FN:234,(anonymous_19)
FN:236,(anonymous_20)
FN:250,(anonymous_21)
FN:258,(anonymous_22)
FN:260,(anonymous_23)
FN:274,(anonymous_24)
FN:299,(anonymous_25)
FN:303,(anonymous_26)
FN:311,(anonymous_27)
FN:317,(anonymous_28)
FN:359,(anonymous_29)
FNF:30
FNH:30
FNDA:25,(anonymous_0)
FNDA:25,(anonymous_1)
FNDA:73,(anonymous_2)
FNDA:79,(anonymous_3)
FNDA:79,(anonymous_4)
FNDA:79,(anonymous_5)
FNDA:3,(anonymous_6)
FNDA:28,(anonymous_7)
FNDA:28,(anonymous_8)
FNDA:3,(anonymous_9)
FNDA:3,(anonymous_10)
FNDA:9,(anonymous_11)
FNDA:9,(anonymous_12)
FNDA:9,(anonymous_13)
FNDA:12,(anonymous_14)
FNDA:9,(anonymous_15)
FNDA:6,(anonymous_16)
FNDA:14,(anonymous_17)
FNDA:23,(anonymous_18)
FNDA:23,(anonymous_19)
FNDA:323,(anonymous_20)
FNDA:79,(anonymous_21)
FNDA:79,(anonymous_22)
FNDA:173,(anonymous_23)
FNDA:3,(anonymous_24)
FNDA:1,(anonymous_25)
FNDA:1,(anonymous_26)
FNDA:13,(anonymous_27)
FNDA:310,(anonymous_28)
FNDA:257,(anonymous_29)
DA:19,25
DA:21,25
DA:22,25
DA:23,23
DA:26,25
DA:36,25
DA:37,25
DA:38,25
DA:39,25
DA:40,25
DA:41,25
DA:42,25
DA:55,25
DA:56,2
DA:58,23
DA:59,23
DA:60,23
DA:63,23
DA:64,23
DA:65,23
DA:66,23
DA:67,4
DA:70,23
DA:79,73
DA:80,73
DA:88,79
DA:89,79
DA:90,79
DA:92,79
DA:103,3
DA:104,3
DA:105,3
DA:106,3
DA:107,3
DA:108,3
DA:118,28
DA:125,28
DA:126,8
DA:127,8
DA:129,20
DA:132,28
DA:142,3
DA:143,0
DA:145,3
DA:151,3
DA:152,3
DA:161,9
DA:165,9
DA:166,9
DA:174,9
DA:175,0
DA:177,9
DA:185,9
DA:186,9
DA:187,12
DA:189,9
DA:190,9
DA:199,9
DA:200,0
DA:202,9
DA:210,6
DA:212,2
DA:214,4
DA:215,4
DA:216,14
DA:218,4
DA:219,4
DA:229,23
DA:235,23
DA:236,23
DA:237,323
DA:239,23
DA:241,23
DA:251,79
DA:259,79
DA:260,79
DA:261,173
DA:263,79
DA:265,79
DA:275,3
DA:276,0
DA:279,3
DA:280,3
DA:286,3
DA:293,3
DA:300,1
DA:304,1
DA:312,13
DA:313,9
DA:318,310
DA:320,310
DA:360,257
LF:92
LH:88
BRDA:22,0,0,23
BRDA:22,0,1,2
BRDA:22,1,0,25
BRDA:22,1,1,25
BRDA:22,1,2,23
BRDA:55,2,0,2
BRDA:55,2,1,23
BRDA:60,3,0,23
BRDA:60,3,1,0
BRDA:66,4,0,4
BRDA:66,4,1,19
BRDA:107,5,0,3
BRDA:107,5,1,0
BRDA:125,6,0,8
BRDA:125,6,1,20
BRDA:142,7,0,0
BRDA:142,7,1,3
BRDA:174,8,0,0
BRDA:174,8,1,9
BRDA:199,9,0,0
BRDA:199,9,1,9
BRDA:210,10,0,2
BRDA:210,10,1,4
BRDA:275,11,0,0
BRDA:275,11,1,3
BRDA:312,12,0,9
BRDA:312,12,1,4
BRDA:320,13,0,34
BRDA:320,13,1,276
BRDA:353,14,0,181
BRDA:353,14,1,95
BRF:31
BRH:25
end_of_record
TN:
SF:src/modules/CreateUser.js
FN:14,(anonymous_0)
FN:45,(anonymous_1)
FN:55,(anonymous_2)
FN:66,(anonymous_3)
FN:79,(anonymous_4)
FN:82,(anonymous_5)
FN:92,(anonymous_6)
FN:98,(anonymous_7)
FN:108,(anonymous_8)
FN:120,(anonymous_9)
FN:123,(anonymous_10)
FN:135,(anonymous_11)
FN:142,(anonymous_12)
FN:146,(anonymous_13)
FNF:14
FNH:11
FNDA:5,(anonymous_0)
FNDA:5,(anonymous_1)
FNDA:46,(anonymous_2)
FNDA:4,(anonymous_3)
FNDA:3,(anonymous_4)
FNDA:3,(anonymous_5)
FNDA:0,(anonymous_6)
FNDA:0,(anonymous_7)
FNDA:3,(anonymous_8)
FNDA:3,(anonymous_9)
FNDA:0,(anonymous_10)
FNDA:3,(anonymous_11)
FNDA:3,(anonymous_12)
FNDA:53,(anonymous_13)
DA:15,5
DA:17,5
DA:18,5
DA:23,4
DA:26,5
DA:36,5
DA:37,5
DA:46,5
DA:47,1
DA:56,46
DA:67,4
DA:68,4
DA:69,1
DA:72,1
DA:74,3
DA:75,0
DA:76,0
DA:78,3
DA:80,3
DA:81,3
DA:83,3
DA:85,3
DA:86,3
DA:89,0
DA:92,0
DA:94,0
DA:98,0
DA:109,3
DA:115,3
DA:121,3
DA:124,0
DA:125,0
DA:127,3
DA:136,3
DA:142,3
DA:143,3
DA:147,53
LF:37
LH:29
BRDA:18,0,0,4
BRDA:18,0,1,1
BRDA:19,1,0,5
BRDA:19,1,1,5
BRDA:19,1,2,4
BRDA:46,2,0,1
BRDA:46,2,1,4
BRDA:68,3,0,1
BRDA:68,3,1,3
BRDA:74,4,0,0
BRDA:74,4,1,3
BRDA:80,5,0,3
BRDA:80,5,1,0
BRDA:83,6,0,3
BRDA:83,6,1,0
BRF:15
BRH:12
end_of_record
TN:
SF:src/modules/Jokes.js
FN:37,(anonymous_0)
FN:38,(anonymous_1)
FN:48,(anonymous_2)
FNF:3
FNH:3
FNDA:23,(anonymous_0)
FNDA:115,(anonymous_1)
FNDA:23,(anonymous_2)
DA:4,20
DA:12,20
DA:19,20
DA:38,23
DA:39,115
DA:49,23
LF:6
LH:6
BRDA:41,0,0,23
BRDA:41,0,1,92
BRF:2
BRH:2
end_of_record
TN:
SF:src/modules/Loading.js
FN:9,(anonymous_0)
FNF:1
FNH:1
FNDA:56,(anonymous_0)
DA:10,56
LF:1
LH:1
BRF:0
BRH:0
end_of_record
TN:
SF:src/modules/LogOutButton.js
FN:8,(anonymous_0)
FN:14,(anonymous_1)
FNF:2
FNH:2
FNDA:276,(anonymous_0)
FNDA:1,(anonymous_1)
DA:9,276
DA:14,1
LF:2
LH:2
BRF:0
BRH:0
end_of_record
TN:
SF:src/modules/Login.js
FN:14,(anonymous_0)
FN:29,(anonymous_1)
FN:32,(anonymous_2)
FN:50,(anonymous_3)
FN:65,(anonymous_4)
FN:71,(anonymous_5)
FN:78,(anonymous_6)
FN:89,(anonymous_7)
FN:95,(anonymous_8)
FN:102,(anonymous_9)
FN:113,(anonymous_10)
FN:115,(anonymous_11)
FN:124,(anonymous_12)
FN:129,(anonymous_13)
FNF:14
FNH:11
FNDA:22,(anonymous_0)
FNDA:22,(anonymous_1)
FNDA:37,(anonymous_2)
FNDA:19,(anonymous_3)
FNDA:2,(anonymous_4)
FNDA:2,(anonymous_5)
FNDA:0,(anonymous_6)
FNDA:18,(anonymous_7)
FNDA:18,(anonymous_8)
FNDA:0,(anonymous_9)
FNDA:18,(anonymous_10)
FNDA:18,(anonymous_11)
FNDA:0,(anonymous_12)
FNDA:45,(anonymous_13)
DA:15,22
DA:17,22
DA:21,22
DA:22,22
DA:30,22
DA:33,37
DA:35,16
DA:39,16
DA:42,21
DA:47,22
DA:51,19
DA:52,19
DA:53,19
DA:66,2
DA:67,2
DA:68,2
DA:72,2
DA:76,2
DA:79,0
DA:90,18
DA:95,18
DA:96,18
DA:103,0
DA:114,18
DA:116,18
DA:118,15
DA:121,3
DA:125,0
DA:130,45
LF:29
LH:26
BRDA:33,0,0,16
BRDA:33,0,1,21
BRDA:52,1,0,19
BRDA:52,1,1,0
BRDA:104,2,0,0
BRDA:104,2,1,0
BRDA:116,3,0,15
BRDA:116,3,1,3
BRDA:130,4,0,22
BRDA:130,4,1,23
BRF:10
BRH:7
end_of_record
TN:
SF:src/modules/People.js
FN:9,(anonymous_0)
FN:24,(anonymous_1)
FNF:2
FNH:2
FNDA:276,(anonymous_0)
FNDA:3559,(anonymous_1)
DA:10,276
DA:25,3559
LF:2
LH:2
BRDA:23,0,0,276
BRDA:23,0,1,276
BRF:2
BRH:2
end_of_record
TN:
SF:src/modules/Types.js
FNF:0
FNH:0
LF:0
LH:0
BRF:0
BRH:0
end_of_record
TN:
SF:src/modules/User.js
FN:11,(anonymous_0)
FN:21,(anonymous_1)
FN:28,(anonymous_2)
FN:39,(anonymous_3)
FN:56,(anonymous_4)
FN:62,(anonymous_5)
FN:63,(anonymous_6)
FN:80,(anonymous_7)
FN:85,(anonymous_8)
FN:90,(anonymous_9)
FNF:10
FNH:10
FNDA:323,(anonymous_0)
FNDA:1,(anonymous_1)
FNDA:1,(anonymous_2)
FNDA:5,(anonymous_3)
FNDA:1,(anonymous_4)
FNDA:1,(anonymous_5)
FNDA:2,(anonymous_6)
FNDA:5,(anonymous_7)
FNDA:3559,(anonymous_8)
FNDA:5,(anonymous_9)
DA:12,323
DA:13,323
DA:22,1
DA:28,1
DA:29,1
DA:40,5
DA:41,5
DA:42,1
DA:43,1
DA:45,1
DA:48,5
DA:57,1
DA:63,1
DA:64,2
DA:81,5
DA:82,5
DA:86,3559
DA:91,5
LF:18
LH:18
BRDA:41,0,0,1
BRDA:41,0,1,4
BRF:2
BRH:2
end_of_record
